#
# There is insufficient memory for the Java Runtime Environment to continue.
# Native memory allocation (mmap) failed to map 100663296 bytes for G1 virtual space
# Possible reasons:
#   The system is out of physical RAM or swap space
#   The process is running with CompressedOops enabled, and the Java Heap may be blocking the growth of the native heap
# Possible solutions:
#   Reduce memory load on the system
#   Increase physical memory or swap space
#   Check if swap backing store is full
#   Decrease Java heap size (-Xmx/-Xms)
#   Decrease number of Java threads
#   Decrease Java thread stack sizes (-Xss)
#   Set larger code cache with -XX:ReservedCodeCacheSize=
#   JVM is running with Unscaled Compressed Oops mode in which the Java heap is
#     placed in the first 4GB address space. The Java Heap base address is the
#     maximum limit for the native heap growth. Please use -XX:HeapBaseMinAddress
#     to set the Java Heap base and to place the Java Heap above 4GB virtual address.
# This output file may be truncated or incomplete.
#
#  Out of Memory Error (os_windows.cpp:3548), pid=2948, tid=5600
#
# JRE version:  (17.0.12+8) (build )
# Java VM: Java HotSpot(TM) 64-Bit Server VM (17.0.12+8-LTS-286, mixed mode, sharing, tiered, compressed oops, compressed class ptrs, g1 gc, windows-amd64)
# No core dump will be written. Minidumps are not enabled by default on client versions of Windows
#

---------------  S U M M A R Y ------------

Command Line: target/route-optimizer-1.0-SNAPSHOT.jar

Host: AMD Ryzen 5 3500U with Radeon Vega Mobile Gfx  , 8 cores, 5G,  Windows 10 , 64 bit Build 19041 (10.0.19041.3636)
Time: Wed Jan  8 21:10:34 2025  Windows 10 , 64 bit Build 19041 (10.0.19041.3636) elapsed time: 0.017877 seconds (0d 0h 0m 0s)

---------------  T H R E A D  ---------------

Current thread (0x000001f3e61f3eb0):  JavaThread "Unknown thread" [_thread_in_vm, id=5600, stack(0x000000a7b7500000,0x000000a7b7600000)]

Stack: [0x000000a7b7500000,0x000000a7b7600000]
Native frames: (J=compiled Java code, j=interpreted, Vv=VM code, C=native code)
V  [jvm.dll+0x67a04a]
V  [jvm.dll+0x7da4ed]
V  [jvm.dll+0x7dbe33]
V  [jvm.dll+0x7dc4a3]
V  [jvm.dll+0x24508f]
V  [jvm.dll+0x677089]
V  [jvm.dll+0x66bd32]
V  [jvm.dll+0x301fa6]
V  [jvm.dll+0x309546]
V  [jvm.dll+0x359d2e]
V  [jvm.dll+0x359f5f]
V  [jvm.dll+0x2d9078]
V  [jvm.dll+0x2d9fe4]
V  [jvm.dll+0x7aca21]
V  [jvm.dll+0x367591]
V  [jvm.dll+0x78b999]
V  [jvm.dll+0x3ec83f]
V  [jvm.dll+0x3ee471]
C  [jli.dll+0x5297]
C  [ucrtbase.dll+0x21bb2]
C  [KERNEL32.DLL+0x17344]
C  [ntdll.dll+0x526b1]


---------------  P R O C E S S  ---------------

Threads class SMR info:
_java_thread_list=0x00007ff8e2737a18, length=0, elements={
}

Java Threads: ( => current thread )

Other Threads:
  0x000001f3e62416a0 GCTaskThread "GC Thread#0" [stack: 0x000000a7b7600000,0x000000a7b7700000] [id=3636]
  0x000001f3e624f390 ConcurrentGCThread "G1 Main Marker" [stack: 0x000000a7b7700000,0x000000a7b7800000] [id=1504]
  0x000001f3e62502c0 ConcurrentGCThread "G1 Conc#0" [stack: 0x000000a7b7800000,0x000000a7b7900000] [id=13348]

[error occurred during error reporting (printing all threads), id 0xc0000005, EXCEPTION_ACCESS_VIOLATION (0xc0000005) at pc=0x00007ff8e1f69b67]

VM state: not at safepoint (not fully initialized)

VM Mutex/Monitor currently owned by a thread:  ([mutex/lock_event])
[0x000001f3e61efbe0] Heap_lock - owner thread: 0x000001f3e61f3eb0

Heap address: 0x00000000a0c00000, size: 1524 MB, Compressed Oops mode: 32-bit

CDS archive(s) mapped at: [0x0000000000000000-0x0000000000000000-0x0000000000000000), size 0, SharedBaseAddress: 0x0000000800000000, ArchiveRelocationMode: 1.
Narrow klass base: 0x0000000000000000, Narrow klass shift: 0, Narrow klass range: 0x0

GC Precious Log:
<Empty>

Heap:
 garbage-first heap   total 0K, used 0K [0x00000000a0c00000, 0x0000000100000000)
  region size 1024K, 0 young (0K), 0 survivors (0K)

[error occurred during error reporting (printing heap information), id 0xc0000005, EXCEPTION_ACCESS_VIOLATION (0xc0000005) at pc=0x00007ff8e2353859]

GC Heap History (0 events):
No events

Deoptimization events (0 events):
No events

Classes unloaded (0 events):
No events

Classes redefined (0 events):
No events

Internal exceptions (0 events):
No events

VM Operations (0 events):
No events

Events (1 events):
Event: 0.007 Loaded shared library C:\Program Files\Java\jdk-17\bin\java.dll


Dynamic libraries:
0x00007ff6cabd0000 - 0x00007ff6cabe0000 	C:\Program Files\Java\jdk-17\bin\java.exe
0x00007ff94b570000 - 0x00007ff94b768000 	C:\Windows\SYSTEM32\ntdll.dll
0x00007ff9499c0000 - 0x00007ff949a7d000 	C:\Windows\System32\KERNEL32.DLL
0x00007ff948d40000 - 0x00007ff949036000 	C:\Windows\System32\KERNELBASE.dll
0x00007ff9492c0000 - 0x00007ff9493c0000 	C:\Windows\System32\ucrtbase.dll
0x00007ff917e80000 - 0x00007ff917e9b000 	C:\Program Files\Java\jdk-17\bin\VCRUNTIME140.dll
0x00007ff9433b0000 - 0x00007ff9433c9000 	C:\Program Files\Java\jdk-17\bin\jli.dll
0x00007ff949b20000 - 0x00007ff949bd0000 	C:\Windows\System32\ADVAPI32.dll
0x00007ff949a80000 - 0x00007ff949b1e000 	C:\Windows\System32\msvcrt.dll
0x00007ff94a050000 - 0x00007ff94a0f0000 	C:\Windows\System32\sechost.dll
0x00007ff94a9b0000 - 0x00007ff94aad3000 	C:\Windows\System32\RPCRT4.dll
0x00007ff949570000 - 0x00007ff949597000 	C:\Windows\System32\bcrypt.dll
0x00007ff949630000 - 0x00007ff9497cf000 	C:\Windows\System32\USER32.dll
0x00007ff9493c0000 - 0x00007ff9493e2000 	C:\Windows\System32\win32u.dll
0x00007ff9228e0000 - 0x00007ff922b7a000 	C:\Windows\WinSxS\amd64_microsoft.windows.common-controls_6595b64144ccf1df_6.0.19041.4355_none_60b8b9eb71f62e16\COMCTL32.dll
0x00007ff949990000 - 0x00007ff9499bb000 	C:\Windows\System32\GDI32.dll
0x00007ff948c20000 - 0x00007ff948d37000 	C:\Windows\System32\gdi32full.dll
0x00007ff9494d0000 - 0x00007ff94956d000 	C:\Windows\System32\msvcp_win.dll
0x00007ff941350000 - 0x00007ff94135a000 	C:\Windows\SYSTEM32\VERSION.dll
0x00007ff94b010000 - 0x00007ff94b042000 	C:\Windows\System32\IMM32.DLL
0x00007ff9445e0000 - 0x00007ff9445ec000 	C:\Program Files\Java\jdk-17\bin\vcruntime140_1.dll
0x00007ff910740000 - 0x00007ff9107ce000 	C:\Program Files\Java\jdk-17\bin\msvcp140.dll
0x00007ff8e1c80000 - 0x00007ff8e2860000 	C:\Program Files\Java\jdk-17\bin\server\jvm.dll
0x00007ff949980000 - 0x00007ff949988000 	C:\Windows\System32\PSAPI.DLL
0x00007ff93e230000 - 0x00007ff93e257000 	C:\Windows\SYSTEM32\WINMM.dll
0x00007ff944860000 - 0x00007ff944869000 	C:\Windows\SYSTEM32\WSOCK32.dll
0x00007ff94aef0000 - 0x00007ff94af5b000 	C:\Windows\System32\WS2_32.dll
0x00007ff946a60000 - 0x00007ff946a72000 	C:\Windows\SYSTEM32\kernel.appcore.dll
0x00007ff9433a0000 - 0x00007ff9433aa000 	C:\Program Files\Java\jdk-17\bin\jimage.dll
0x00007ff93d2d0000 - 0x00007ff93d4b4000 	C:\Windows\SYSTEM32\DBGHELP.DLL
0x00007ff93af90000 - 0x00007ff93afc4000 	C:\Windows\SYSTEM32\dbgcore.DLL
0x00007ff9493f0000 - 0x00007ff949472000 	C:\Windows\System32\bcryptPrimitives.dll
0x00007ff917e50000 - 0x00007ff917e75000 	C:\Program Files\Java\jdk-17\bin\java.dll

dbghelp: loaded successfully - version: 4.0.5 - missing functions: none
symbol engine: initialized successfully - sym options: 0x614 - pdb path: .;C:\Program Files\Java\jdk-17\bin;C:\Windows\SYSTEM32;C:\Windows\WinSxS\amd64_microsoft.windows.common-controls_6595b64144ccf1df_6.0.19041.4355_none_60b8b9eb71f62e16;C:\Program Files\Java\jdk-17\bin\server

VM Arguments:
java_command: target/route-optimizer-1.0-SNAPSHOT.jar
java_class_path (initial): target/route-optimizer-1.0-SNAPSHOT.jar
Launcher Type: SUN_STANDARD

[Global flags]
     intx CICompilerCount                          = 4                                         {product} {ergonomic}
     uint ConcGCThreads                            = 2                                         {product} {ergonomic}
     uint G1ConcRefinementThreads                  = 8                                         {product} {ergonomic}
   size_t G1HeapRegionSize                         = 1048576                                   {product} {ergonomic}
    uintx GCDrainStackTargetSize                   = 64                                        {product} {ergonomic}
   size_t InitialHeapSize                          = 100663296                                 {product} {ergonomic}
   size_t MarkStackSize                            = 4194304                                   {product} {ergonomic}
   size_t MaxHeapSize                              = 1598029824                                {product} {ergonomic}
   size_t MinHeapDeltaBytes                        = 1048576                                   {product} {ergonomic}
   size_t MinHeapSize                              = 8388608                                   {product} {ergonomic}
    uintx NonNMethodCodeHeapSize                   = 5839372                                {pd product} {ergonomic}
    uintx NonProfiledCodeHeapSize                  = 122909434                              {pd product} {ergonomic}
    uintx ProfiledCodeHeapSize                     = 122909434                              {pd product} {ergonomic}
    uintx ReservedCodeCacheSize                    = 251658240                              {pd product} {ergonomic}
     bool SegmentedCodeCache                       = true                                      {product} {ergonomic}
   size_t SoftMaxHeapSize                          = 1598029824                             {manageable} {ergonomic}
     bool UseCompressedClassPointers               = true                           {product lp64_product} {ergonomic}
     bool UseCompressedOops                        = true                           {product lp64_product} {ergonomic}
     bool UseG1GC                                  = true                                      {product} {ergonomic}
     bool UseLargePagesIndividualAllocation        = false                                  {pd product} {ergonomic}

Logging:
Log output configuration:
 #0: stdout all=warning uptime,level,tags
 #1: stderr all=off uptime,level,tags

Environment Variables:
JAVA_HOME=C:\Program Files\Java\jdk-17
PATH=C:\Program Files\Common Files\Oracle\Java\javapath;C:\Program Files (x86)\Common Files\Oracle\Java\javapath;C:\Windows\system32;C:\Windows;C:\Windows\System32\Wbem;C:\Windows\System32\WindowsPowerShell\v1.0\;C:\Windows\System32\OpenSSH\;C:\Program Files\Java\jdk-17\bin;C:\Program Files\dotnet\;C:\Program Files\Python\Python-3.10.14\;C:\Program Files\Git\cmd;C:\Program Files\Java\apache-maven-3.8.8-bin\apache-maven-3.8.8\bin;;C:\Program Files\Docker\Docker\resources\bin;C:\Users\epifa\AppData\Local\Programs\Python\Python38\Scripts\;C:\Users\epifa\AppData\Local\Programs\Python\Python38\;C:\Users\epifa\AppData\Local\Microsoft\WindowsApps;C:\Users\epifa\AppData\Local\Programs\Microsoft VS Code\bin;C:\Program Files\JetBrains\IntelliJ IDEA 2023.3.2\bin;C:\Program Files\Azure Data Studio\bin;C:\Users\epifa\AppData\Roaming\Programs\Zero Install;C:\Users\epifa\AppData\Roaming\npm;
USERNAME=epifa
OS=Windows_NT
PROCESSOR_IDENTIFIER=AMD64 Family 23 Model 24 Stepping 1, AuthenticAMD



---------------  S Y S T E M  ---------------

OS:
 Windows 10 , 64 bit Build 19041 (10.0.19041.3636)
OS uptime: 0 days 0:13 hours
Hyper-V role detected

CPU: total 8 (initial active 8) (8 cores per cpu, 2 threads per core) family 23 model 24 stepping 1 microcode 0x0, cx8, cmov, fxsr, ht, mmx, 3dnowpref, sse, sse2, sse3, ssse3, sse4a, sse4.1, sse4.2, popcnt, lzcnt, tsc, tscinvbit, avx, avx2, aes, clmul, bmi1, bmi2, adx, sha, fma, vzeroupper, clflush, clflushopt, hv

Memory: 4k page, system-wide physical 6091M (363M free)
TotalPageFile size 9547M (AvailPageFile size 76M)
current process WorkingSet (physical memory assigned to process): 10M, peak: 10M
current process commit charge ("private bytes"): 60M, peak: 156M

vm_info: Java HotSpot(TM) 64-Bit Server VM (17.0.12+8-LTS-286) for windows-amd64 JRE (17.0.12+8-LTS-286), built on Jun  5 2024 06:46:59 by "mach5one" with MS VC++ 17.6 (VS2022)

END.
